#
# There is insufficient memory for the Java Runtime Environment to continue.
# Native memory allocation (mmap) failed to map 132120576 bytes for Failed to commit area from 0x0000000082600000 to 0x000000008a400000 of length 132120576.
# Possible reasons:
#   The system is out of physical RAM or swap space
#   The process is running with CompressedOops enabled, and the Java Heap may be blocking the growth of the native heap
# Possible solutions:
#   Reduce memory load on the system
#   Increase physical memory or swap space
#   Check if swap backing store is full
#   Decrease Java heap size (-Xmx/-Xms)
#   Decrease number of Java threads
#   Decrease Java thread stack sizes (-Xss)
#   Set larger code cache with -XX:ReservedCodeCacheSize=
# This output file may be truncated or incomplete.
#
#  Out of Memory Error (./src/hotspot/os/windows/os_windows.cpp:3303), pid=13808, tid=14908
#
# JRE version:  (11.0.8+10) (build )
# Java VM: OpenJDK 64-Bit Server VM (11.0.8+10-b944.6842174, mixed mode, sharing, tiered, compressed oops, g1 gc, windows-amd64)
# No core dump will be written. Minidumps are not enabled by default on client versions of Windows
#

---------------  S U M M A R Y ------------

Command Line: org.jetbrains.kotlin.cli.jvm.K2JVMCompiler @C:\Users\hp\AndroidStudioProjects\MusicPlayer\app\build\20210601_8834706560984136787.compiler.options

Host: Intel(R) Core(TM) i5-9300H CPU @ 2.40GHz, 8 cores, 7G,  Windows 10 , 64 bit Build 19041 (10.0.19041.928)
Time: Tue Jun  1 15:57:28 2021 SE Asia Standard Time elapsed time: 0 seconds (0d 0h 0m 0s)

---------------  T H R E A D  ---------------

Current thread (0x0000015f5c945800):  JavaThread "Unknown thread" [_thread_in_vm, id=14908, stack(0x0000004a17000000,0x0000004a17100000)]

Stack: [0x0000004a17000000,0x0000004a17100000]
Native frames: (J=compiled Java code, j=interpreted, Vv=VM code, C=native code)
V  [jvm.dll+0x5de50a]
V  [jvm.dll+0x7122f5]
V  [jvm.dll+0x71384d]
V  [jvm.dll+0x713f03]
V  [jvm.dll+0x23e728]
V  [jvm.dll+0x5db9a4]
V  [jvm.dll+0x5d0ae5]
V  [jvm.dll+0x2fb20b]
V  [jvm.dll+0x2fb17a]
V  [jvm.dll+0x2fb052]
V  [jvm.dll+0x2fff16]
V  [jvm.dll+0x348743]
V  [jvm.dll+0x348e46]
V  [jvm.dll+0x348843]
V  [jvm.dll+0x2d5d68]
V  [jvm.dll+0x2d6f07]
V  [jvm.dll+0x6f11f7]
V  [jvm.dll+0x6f29ec]
V  [jvm.dll+0x355cb9]
V  [jvm.dll+0x6d4ade]
V  [jvm.dll+0x3bdfe3]
V  [jvm.dll+0x3c0201]
C  [jli.dll+0x5373]
C  [ucrtbase.dll+0x21bb2]
C  [KERNEL32.DLL+0x17034]
C  [ntdll.dll+0x52651]


---------------  P R O C E S S  ---------------

Threads class SMR info:
_java_thread_list=0x0000015f5b001800, length=0, elements={
}

Java Threads: ( => current thread )

Other Threads:
  0x0000015f5c95e000 GCTaskThread "GC Thread#0" [stack: 0x0000004a17100000,0x0000004a17200000] [id=1340]
  0x0000015f5c98f800 ConcurrentGCThread "G1 Main Marker" [stack: 0x0000004a17200000,0x0000004a17300000] [id=14240]
  0x0000015f5c991000 ConcurrentGCThread "G1 Conc#0" [stack: 0x0000004a17300000,0x0000004a17400000] [id=4868]

[error occurred during error reporting (printing all threads), id 0xc0000005, EXCEPTION_ACCESS_VIOLATION (0xc0000005) at pc=0x00007ffd15886357]

VM state:not at safepoint (not fully initialized)

VM Mutex/Monitor currently owned by a thread:  ([mutex/lock_event])
[0x0000015f5c944f40] Heap_lock - owner thread: 0x0000015f5c945800

Heap address: 0x0000000082600000, size: 2010 MB, Compressed Oops mode: Non-zero based: 0x0000000082600000
Narrow klass base: 0x0000000000000000, Narrow klass shift: 0

GC Heap History (0 events):
No events

Deoptimization events (0 events):
No events

Classes redefined (0 events):
No events

Internal exceptions (0 events):
No events

Events (1 events):
Event: 0.016 Loaded shared library D:\Android-installer\jre\bin\zip.dll


Dynamic libraries:
0x00007ff792ce0000 - 0x00007ff792cea000 	D:\Android-installer\jre\bin\java.exe
0x00007ffd6a6b0000 - 0x00007ffd6a8a5000 	C:\Windows\SYSTEM32\ntdll.dll
0x00007ffd68ea0000 - 0x00007ffd68f5d000 	C:\Windows\System32\KERNEL32.DLL
0x00007ffd68000000 - 0x00007ffd682c8000 	C:\Windows\System32\KERNELBASE.dll
0x00007ffd68370000 - 0x00007ffd68470000 	C:\Windows\System32\ucrtbase.dll
0x00007ffd57110000 - 0x00007ffd57129000 	D:\Android-installer\jre\bin\jli.dll
0x00007ffd61830000 - 0x00007ffd61847000 	D:\Android-installer\jre\bin\VCRUNTIME140.dll
0x00007ffd6a060000 - 0x00007ffd6a200000 	C:\Windows\System32\USER32.dll
0x00007ffd686e0000 - 0x00007ffd68702000 	C:\Windows\System32\win32u.dll
0x00007ffd68e70000 - 0x00007ffd68e9a000 	C:\Windows\System32\GDI32.dll
0x00007ffd67ea0000 - 0x00007ffd67fab000 	C:\Windows\System32\gdi32full.dll
0x00007ffd4e510000 - 0x00007ffd4e7aa000 	C:\Windows\WinSxS\amd64_microsoft.windows.common-controls_6595b64144ccf1df_6.0.19041.844_none_ca00b6081b84eb1d\COMCTL32.dll
0x00007ffd682d0000 - 0x00007ffd6836d000 	C:\Windows\System32\msvcp_win.dll
0x00007ffd68b00000 - 0x00007ffd68b9e000 	C:\Windows\System32\msvcrt.dll
0x00007ffd69930000 - 0x00007ffd69960000 	C:\Windows\System32\IMM32.DLL
0x00007ffd528a0000 - 0x00007ffd5293d000 	D:\Android-installer\jre\bin\msvcp140.dll
0x00007ffd155a0000 - 0x00007ffd1605c000 	D:\Android-installer\jre\bin\server\jvm.dll
0x00007ffd68ba0000 - 0x00007ffd68c4c000 	C:\Windows\System32\ADVAPI32.dll
0x00007ffd68dc0000 - 0x00007ffd68e5b000 	C:\Windows\System32\sechost.dll
0x00007ffd68fd0000 - 0x00007ffd690fb000 	C:\Windows\System32\RPCRT4.dll
0x00007ffd69d70000 - 0x00007ffd69d78000 	C:\Windows\System32\PSAPI.DLL
0x00007ffd637b0000 - 0x00007ffd637b9000 	C:\Windows\SYSTEM32\WSOCK32.dll
0x00007ffd68f60000 - 0x00007ffd68fcb000 	C:\Windows\System32\WS2_32.dll
0x00007ffd49e60000 - 0x00007ffd49e87000 	C:\Windows\SYSTEM32\WINMM.dll
0x00007ffd619f0000 - 0x00007ffd619fa000 	C:\Windows\SYSTEM32\VERSION.dll
0x00007ffd666c0000 - 0x00007ffd666d2000 	C:\Windows\SYSTEM32\kernel.appcore.dll
0x00007ffd50410000 - 0x00007ffd50421000 	D:\Android-installer\jre\bin\verify.dll
0x00007ffd65ad0000 - 0x00007ffd65cb4000 	C:\Windows\SYSTEM32\DBGHELP.DLL
0x00007ffd59050000 - 0x00007ffd5907c000 	C:\Windows\SYSTEM32\dbgcore.DLL
0x00007ffd68660000 - 0x00007ffd686e0000 	C:\Windows\System32\bcryptPrimitives.dll
0x00007ffd4fba0000 - 0x00007ffd4fbc9000 	D:\Android-installer\jre\bin\java.dll
0x00007ffd56ea0000 - 0x00007ffd56eab000 	D:\Android-installer\jre\bin\jimage.dll
0x00007ffd4fb80000 - 0x00007ffd4fb98000 	D:\Android-installer\jre\bin\zip.dll

dbghelp: loaded successfully - version: 4.0.5 - missing functions: none
symbol engine: initialized successfully - sym options: 0x614 - pdb path: .;D:\Android-installer\jre\bin;C:\Windows\SYSTEM32;C:\Windows\WinSxS\amd64_microsoft.windows.common-controls_6595b64144ccf1df_6.0.19041.844_none_ca00b6081b84eb1d;D:\Android-installer\jre\bin\server

VM Arguments:
java_command: org.jetbrains.kotlin.cli.jvm.K2JVMCompiler @C:\Users\hp\AndroidStudioProjects\MusicPlayer\app\build\20210601_8834706560984136787.compiler.options
java_class_path (initial): C:\Users\hp\.gradle\caches\modules-2\files-2.1\org.jetbrains.kotlin\kotlin-compiler-embeddable\1.4.32\b4fc9be460ca88eecea2303e142ce2920bd14775\kotlin-compiler-embeddable-1.4.32.jar;C:\Users\hp\.gradle\caches\modules-2\files-2.1\org.jetbrains.kotlin\kotlin-reflect\1.4.32\ce852b166d97f0f1991b5130c2bb02e2ef6c554e\kotlin-reflect-1.4.32.jar;C:\Users\hp\.gradle\caches\modules-2\files-2.1\org.jetbrains.kotlin\kotlin-stdlib\1.4.32\461367948840adbb0839c51d91ed74ef4a9ccb52\kotlin-stdlib-1.4.32.jar;C:\Users\hp\.gradle\caches\modules-2\files-2.1\org.jetbrains.kotlin\kotlin-script-runtime\1.4.32\bac50b0748be017dbc13fc1cb7231b1c9da0e106\kotlin-script-runtime-1.4.32.jar;C:\Users\hp\.gradle\caches\modules-2\files-2.1\org.jetbrains.kotlin\kotlin-daemon-embeddable\1.4.32\b40c5de5adea26ebb4e5fc36945c482ac20acee2\kotlin-daemon-embeddable-1.4.32.jar;C:\Users\hp\.gradle\caches\modules-2\files-2.1\org.jetbrains.intellij.deps\trove4j\1.0.20181211\216c2e14b070f334479d800987affe4054cd563f\trove4j-1.0.20181211.jar;C:\Users\hp\.gradle\caches\modules-2\files-2.1\org.jetbrains.kotlin\kotlin-stdlib-common\1.4.32\ef50bfa2c0491a11dcc35d9822edbfd6170e1ea2\kotlin-stdlib-common-1.4.32.jar;C:\Users\hp\.gradle\caches\modules-2\files-2.1\org.jetbrains\annotations\13.0\919f0dfe192fb4e063e7dacadee7f8bb9a2672a9\annotations-13.0.jar
Launcher Type: SUN_STANDARD

[Global flags]
     intx CICompilerCount                          = 4                                         {product} {ergonomic}
     uint ConcGCThreads                            = 2                                         {product} {ergonomic}
     uint G1ConcRefinementThreads                  = 8                                         {product} {ergonomic}
   size_t G1HeapRegionSize                         = 1048576                                   {product} {ergonomic}
    uintx GCDrainStackTargetSize                   = 64                                        {product} {ergonomic}
   size_t InitialHeapSize                          = 132120576                                 {product} {ergonomic}
   size_t MarkStackSize                            = 4194304                                   {product} {ergonomic}
   size_t MaxHeapSize                              = 2107637760                                {product} {ergonomic}
   size_t MinHeapDeltaBytes                        = 1048576                                   {product} {ergonomic}
    uintx NonNMethodCodeHeapSize                   = 5836300                                {pd product} {ergonomic}
    uintx NonProfiledCodeHeapSize                  = 122910970                              {pd product} {ergonomic}
    uintx ProfiledCodeHeapSize                     = 122910970                              {pd product} {ergonomic}
    uintx ReservedCodeCacheSize                    = 251658240                              {pd product} {ergonomic}
     bool SegmentedCodeCache                       = true                                      {product} {ergonomic}
     bool UseCompressedClassPointers               = true                                 {lp64_product} {ergonomic}
     bool UseCompressedOops                        = true                                 {lp64_product} {ergonomic}
     bool UseG1GC                                  = true                                      {product} {ergonomic}
     bool UseLargePagesIndividualAllocation        = false                                  {pd product} {ergonomic}

Logging:
Log output configuration:
 #0: stdout all=warning uptime,level,tags
 #1: stderr all=off uptime,level,tags

Environment Variables:
PATH=C:\Windows\system32;C:\Windows;C:\Windows\System32\Wbem;C:\Windows\System32\WindowsPowerShell\v1.0\;C:\Windows\System32\OpenSSH\;C:\Program Files (x86)\NVIDIA Corporation\PhysX\Common;C:\Program Files\NVIDIA Corporation\NVIDIA NvDLISR;C:\Program Files\Git\cmd;C:\Users\hp\AppData\Local\Microsoft\WindowsApps;;D:\vscode\Microsoft VS Code\bin
USERNAME=hp
OS=Windows_NT
PROCESSOR_IDENTIFIER=Intel64 Family 6 Model 158 Stepping 10, GenuineIntel



---------------  S Y S T E M  ---------------

OS: Windows 10 , 64 bit Build 19041 (10.0.19041.928)
OS uptime: 3 days 19:35 hours

CPU:total 8 (initial active 8) (4 cores per cpu, 2 threads per core) family 6 model 158 stepping 10, cmov, cx8, fxsr, mmx, sse, sse2, sse3, ssse3, sse4.1, sse4.2, popcnt, avx, avx2, aes, clmul, erms, 3dnowpref, lzcnt, ht, tsc, tscinvbit, bmi1, bmi2, adx, fma

Memory: 4k page, system-wide physical 8033M (87M free)
TotalPageFile size 20836M (AvailPageFile size 88M)
current process WorkingSet (physical memory assigned to process): 9M, peak: 9M
current process commit charge ("private bytes"): 59M, peak: 185M

vm_info: OpenJDK 64-Bit Server VM (11.0.8+10-b944.6842174) for windows-amd64 JRE (11.0.8+10-b944.6842174), built on Sep 19 2020 01:11:42 by "builder" with MS VC++ 14.0 (VS2015)

END.
